Arguments: 
  /Users/a1/.nvm/versions/node/v10.15.3/bin/node /usr/local/Cellar/yarn/1.21.1/libexec/bin/yarn.js add -D @storybook/addon-docs

PATH: 
  /Users/a1/.nvm/versions/node/v10.15.3/bin:/Applications/Visual\ Studio\ Code.app/Contents/Resources/app/bin:/usr/local/bin:/usr/bin:/bin:/usr/sbin:/sbin

Yarn version: 
  1.21.1

Node version: 
  10.15.3

Platform: 
  darwin x64

Trace: 
  Error: http://rnpm.hz.netease.com/react-router/download/react-router-4.3.1.tgz: Request failed "500 Internal Server Error"
      at ResponseError.ExtendableBuiltin (/usr/local/Cellar/yarn/1.21.1/libexec/lib/cli.js:696:66)
      at new ResponseError (/usr/local/Cellar/yarn/1.21.1/libexec/lib/cli.js:802:124)
      at Request.<anonymous> (/usr/local/Cellar/yarn/1.21.1/libexec/lib/cli.js:67017:16)
      at Request.emit (events.js:189:13)
      at Request.module.exports.Request.onRequestResponse (/usr/local/Cellar/yarn/1.21.1/libexec/lib/cli.js:141542:10)
      at ClientRequest.emit (events.js:194:15)
      at HTTPParser.parserOnIncomingClient [as onIncoming] (_http_client.js:556:21)
      at HTTPParser.parserOnHeadersComplete (_http_common.js:109:17)
      at Socket.socketOnData (_http_client.js:442:20)
      at Socket.emit (events.js:189:13)

npm manifest: 
  {
    "name": "interview-practice",
    "version": "1.0.0",
    "description": "interview-practice",
    "main": "index.js",
    "scripts": {
      "start": "NODE_ENV=dev webpack-dev-server --progress --colors",
      "build": "rm -rf ./build && NODE_ENV=production webpack --config ./webpack.production.config.js --progress --colors",
      "rm:build": "rm -rf ./build",
      "lint": "eslint ./app",
      "precommit-msg": "echo 'Pre-commit checks...' && exit 0",
      "mock": "node --harmony ./mock/server.js",
      "storybook": "start-storybook"
    },
    "keywords": [
      "react",
      "webpack"
    ],
    "author": "Ann Huang",
    "license": "ISC",
    "devDependencies": {
      "@babel/core": "^7.7.5",
      "@babel/plugin-proposal-class-properties": "^7.7.4",
      "@babel/plugin-proposal-decorators": "^7.7.4",
      "@babel/plugin-proposal-nullish-coalescing-operator": "^7.7.4",
      "@babel/plugin-proposal-optional-chaining": "^7.7.5",
      "@babel/preset-env": "^7.7.5",
      "@babel/preset-react": "^7.7.4",
      "@storybook/addon-info": "^5.2.8",
      "@storybook/react": "^5.2.8",
      "autoprefixer": "^7.1.1",
      "babel-eslint": "^8.2.1",
      "babel-loader": "^8.0.6",
      "css-loader": "^0.28.2",
      "d3": "^5.15.0",
      "eslint": "^3.19.0",
      "eslint-plugin-react": "^7.0.1",
      "extract-text-webpack-plugin": "^2.1.0",
      "file-loader": "^0.11.1",
      "html-webpack-plugin": "^3.2.0",
      "koa": "^2.2.0",
      "koa-body": "^2.0.1",
      "koa-router": "^7.2.0",
      "open-browser-webpack-plugin": "0.0.5",
      "postcss": "^6.0.1",
      "postcss-loader": "^2.0.5",
      "pre-commit": "^1.2.2",
      "style-loader": "^0.18.0",
      "stylus": "^0.54.5",
      "stylus-loader": "^3.0.1",
      "url-loader": "^0.5.8",
      "webpack": "^4.0.0",
      "webpack-cli": "^3.3.10",
      "webpack-dev-server": "^3.0.0"
    },
    "dependencies": {
      "es6-promise": "^4.1.0",
      "mobx": "^5.0.3",
      "mobx-react": "^5.2.5",
      "normalize.css": "^7.0.0",
      "react": "^16.3.0",
      "react-dom": "^16.3.0",
      "react-router-dom": "^4.2.2",
      "react-syntax-highlighter": "^12.2.1",
      "whatwg-fetch": "^2.0.3"
    }
  }

yarn manifest: 
  No manifest

Lockfile: 
  No lockfile
